2025-07-20 01:49:18,930 - INFO - Processing ZIP file: Data/dm_spl_release_human_rx_part1.zip
2025-07-20 01:49:20,920 - INFO - Found 15048 nested ZIP files in dm_spl_release_human_rx_part1.zip
2025-07-20 01:49:23,098 - INFO - Processed 100 medicines from dm_spl_release_human_rx_part1.zip...
2025-07-20 01:49:24,724 - INFO - Processed 200 medicines from dm_spl_release_human_rx_part1.zip...
2025-07-20 01:49:26,779 - INFO - Processed 300 medicines from dm_spl_release_human_rx_part1.zip...
2025-07-20 01:49:29,833 - INFO - Processed 400 medicines from dm_spl_release_human_rx_part1.zip...
2025-07-20 01:49:32,574 - INFO - Processed 500 medicines from dm_spl_release_human_rx_part1.zip...
2025-07-20 01:49:33,365 - INFO - Processed 600 medicines from dm_spl_release_human_rx_part1.zip...
2025-07-20 01:49:34,265 - INFO - Processed 700 medicines from dm_spl_release_human_rx_part1.zip...
2025-07-20 01:49:35,066 - INFO - Processed 800 medicines from dm_spl_release_human_rx_part1.zip...
2025-07-20 01:49:35,782 - INFO - Processed 900 medicines from dm_spl_release_human_rx_part1.zip...
2025-07-20 01:49:36,408 - INFO - Processed 1000 medicines from dm_spl_release_human_rx_part1.zip...
2025-07-20 01:49:36,773 - INFO - Processed 1100 medicines from dm_spl_release_human_rx_part1.zip...
2025-07-20 01:49:37,464 - INFO - Processed 1200 medicines from dm_spl_release_human_rx_part1.zip...
2025-07-20 01:49:38,351 - INFO - Processed 1300 medicines from dm_spl_release_human_rx_part1.zip...
2025-07-20 01:49:39,426 - INFO - Processed 1400 medicines from dm_spl_release_human_rx_part1.zip...
2025-07-20 01:49:40,491 - INFO - Processed 1500 medicines from dm_spl_release_human_rx_part1.zip...
2025-07-20 01:49:41,342 - INFO - Processed 1600 medicines from dm_spl_release_human_rx_part1.zip...
2025-07-20 01:49:42,160 - INFO - Processed 1700 medicines from dm_spl_release_human_rx_part1.zip...
2025-07-20 01:49:43,051 - INFO - Processed 1800 medicines from dm_spl_release_human_rx_part1.zip...
2025-07-20 01:49:44,038 - INFO - Processed 1900 medicines from dm_spl_release_human_rx_part1.zip...
2025-07-20 01:49:44,926 - INFO - Processed 2000 medicines from dm_spl_release_human_rx_part1.zip...
2025-07-20 01:49:45,912 - INFO - Processed 2100 medicines from dm_spl_release_human_rx_part1.zip...
2025-07-20 01:49:46,662 - INFO - Processed 2200 medicines from dm_spl_release_human_rx_part1.zip...
2025-07-20 01:49:48,779 - INFO - Processed 2300 medicines from dm_spl_release_human_rx_part1.zip...
2025-07-20 01:49:51,430 - INFO - Processed 2400 medicines from dm_spl_release_human_rx_part1.zip...
2025-07-20 01:49:56,357 - INFO - Processed 2500 medicines from dm_spl_release_human_rx_part1.zip...
2025-07-20 01:50:01,097 - INFO - Processed 2600 medicines from dm_spl_release_human_rx_part1.zip...
2025-07-20 01:50:04,957 - INFO - Processed 2700 medicines from dm_spl_release_human_rx_part1.zip...
2025-07-20 01:50:06,296 - INFO - Processed 2800 medicines from dm_spl_release_human_rx_part1.zip...
2025-07-20 01:50:07,552 - INFO - Processed 2900 medicines from dm_spl_release_human_rx_part1.zip...
2025-07-20 01:50:08,815 - INFO - Processed 3000 medicines from dm_spl_release_human_rx_part1.zip...
2025-07-20 01:50:10,003 - INFO - Processed 3100 medicines from dm_spl_release_human_rx_part1.zip...
2025-07-20 01:50:11,555 - INFO - Processed 3200 medicines from dm_spl_release_human_rx_part1.zip...
2025-07-20 01:50:12,752 - INFO - Processed 3300 medicines from dm_spl_release_human_rx_part1.zip...
2025-07-20 01:50:13,864 - INFO - Processed 3400 medicines from dm_spl_release_human_rx_part1.zip...
2025-07-20 01:50:15,103 - INFO - Processed 3500 medicines from dm_spl_release_human_rx_part1.zip...
2025-07-20 01:50:16,449 - INFO - Processed 3600 medicines from dm_spl_release_human_rx_part1.zip...
2025-07-20 01:50:18,169 - INFO - Processed 3700 medicines from dm_spl_release_human_rx_part1.zip...
2025-07-20 01:50:21,948 - INFO - Processed 3800 medicines from dm_spl_release_human_rx_part1.zip...
2025-07-20 01:50:25,188 - INFO - Processed 3900 medicines from dm_spl_release_human_rx_part1.zip...
2025-07-20 01:50:28,336 - INFO - Processed 4000 medicines from dm_spl_release_human_rx_part1.zip...
2025-07-20 01:50:32,274 - INFO - Processed 4100 medicines from dm_spl_release_human_rx_part1.zip...
2025-07-20 01:50:33,643 - INFO - Processed 4200 medicines from dm_spl_release_human_rx_part1.zip...
2025-07-20 01:50:35,137 - INFO - Processed 4300 medicines from dm_spl_release_human_rx_part1.zip...
2025-07-20 01:50:36,507 - INFO - Processed 4400 medicines from dm_spl_release_human_rx_part1.zip...
2025-07-20 01:50:37,876 - INFO - Processed 4500 medicines from dm_spl_release_human_rx_part1.zip...
2025-07-20 01:50:39,166 - INFO - Processed 4600 medicines from dm_spl_release_human_rx_part1.zip...
2025-07-20 01:50:40,453 - INFO - Processed 4700 medicines from dm_spl_release_human_rx_part1.zip...
2025-07-20 01:50:41,527 - INFO - Processed 4800 medicines from dm_spl_release_human_rx_part1.zip...
2025-07-20 01:50:42,309 - INFO - Processed 4900 medicines from dm_spl_release_human_rx_part1.zip...
2025-07-20 01:50:43,609 - INFO - Processed 5000 medicines from dm_spl_release_human_rx_part1.zip...
2025-07-20 01:50:44,786 - INFO - Processed 5100 medicines from dm_spl_release_human_rx_part1.zip...
2025-07-20 01:50:46,072 - INFO - Processed 5200 medicines from dm_spl_release_human_rx_part1.zip...
2025-07-20 01:50:47,828 - INFO - Processed 5300 medicines from dm_spl_release_human_rx_part1.zip...
2025-07-20 01:50:51,813 - INFO - Processed 5400 medicines from dm_spl_release_human_rx_part1.zip...
2025-07-20 01:50:55,346 - INFO - Processed 5500 medicines from dm_spl_release_human_rx_part1.zip...
2025-07-20 01:50:58,272 - INFO - Processed 5600 medicines from dm_spl_release_human_rx_part1.zip...
2025-07-20 01:51:02,909 - INFO - Processed 5700 medicines from dm_spl_release_human_rx_part1.zip...
2025-07-20 01:51:05,913 - INFO - Processed 5800 medicines from dm_spl_release_human_rx_part1.zip...
2025-07-20 01:51:07,975 - INFO - Processed 5900 medicines from dm_spl_release_human_rx_part1.zip...
2025-07-20 01:51:10,093 - INFO - Processed 6000 medicines from dm_spl_release_human_rx_part1.zip...
2025-07-20 01:51:11,974 - INFO - Processed 6100 medicines from dm_spl_release_human_rx_part1.zip...
2025-07-20 01:51:13,468 - INFO - Processed 6200 medicines from dm_spl_release_human_rx_part1.zip...
2025-07-20 01:51:15,040 - INFO - Processed 6300 medicines from dm_spl_release_human_rx_part1.zip...
2025-07-20 01:51:16,965 - INFO - Processed 6400 medicines from dm_spl_release_human_rx_part1.zip...
2025-07-20 01:51:20,978 - INFO - Processed 6500 medicines from dm_spl_release_human_rx_part1.zip...
2025-07-20 01:51:26,704 - INFO - Processed 6600 medicines from dm_spl_release_human_rx_part1.zip...
2025-07-20 01:51:35,018 - INFO - Processed 6700 medicines from dm_spl_release_human_rx_part1.zip...
2025-07-20 01:51:36,853 - INFO - Processed 6800 medicines from dm_spl_release_human_rx_part1.zip...
2025-07-20 01:51:38,737 - INFO - Processed 6900 medicines from dm_spl_release_human_rx_part1.zip...
2025-07-20 01:51:41,778 - INFO - Processed 7000 medicines from dm_spl_release_human_rx_part1.zip...
2025-07-20 01:51:43,830 - INFO - Processed 7100 medicines from dm_spl_release_human_rx_part1.zip...
2025-07-20 01:51:45,934 - INFO - Processed 7200 medicines from dm_spl_release_human_rx_part1.zip...
2025-07-20 01:51:47,499 - INFO - Processed 7300 medicines from dm_spl_release_human_rx_part1.zip...
2025-07-20 01:51:48,993 - INFO - Processed 7400 medicines from dm_spl_release_human_rx_part1.zip...
2025-07-20 01:51:54,304 - INFO - Processed 7500 medicines from dm_spl_release_human_rx_part1.zip...
2025-07-20 01:51:57,879 - INFO - Processed 7600 medicines from dm_spl_release_human_rx_part1.zip...
2025-07-20 01:52:04,301 - INFO - Processed 7700 medicines from dm_spl_release_human_rx_part1.zip...
2025-07-20 01:52:06,319 - INFO - Processed 7800 medicines from dm_spl_release_human_rx_part1.zip...
2025-07-20 01:52:07,950 - INFO - Processed 7900 medicines from dm_spl_release_human_rx_part1.zip...
2025-07-20 01:52:10,089 - INFO - Processed 8000 medicines from dm_spl_release_human_rx_part1.zip...
2025-07-20 01:52:12,784 - INFO - Processed 8100 medicines from dm_spl_release_human_rx_part1.zip...
2025-07-20 01:52:15,169 - INFO - Processed 8200 medicines from dm_spl_release_human_rx_part1.zip...
2025-07-20 01:52:17,322 - INFO - Processed 8300 medicines from dm_spl_release_human_rx_part1.zip...
2025-07-20 01:52:18,988 - INFO - Processed 8400 medicines from dm_spl_release_human_rx_part1.zip...
2025-07-20 01:52:21,699 - INFO - Processed 8500 medicines from dm_spl_release_human_rx_part1.zip...
2025-07-20 01:52:27,969 - INFO - Processed 8600 medicines from dm_spl_release_human_rx_part1.zip...
2025-07-20 01:52:35,717 - INFO - Processed 8700 medicines from dm_spl_release_human_rx_part1.zip...
2025-07-20 01:52:39,717 - INFO - Processed 8800 medicines from dm_spl_release_human_rx_part1.zip...
2025-07-20 01:52:42,381 - INFO - Processed 8900 medicines from dm_spl_release_human_rx_part1.zip...
2025-07-20 01:52:44,709 - INFO - Processed 9000 medicines from dm_spl_release_human_rx_part1.zip...
2025-07-20 01:52:46,170 - INFO - Processed 9100 medicines from dm_spl_release_human_rx_part1.zip...
2025-07-20 01:52:47,398 - INFO - Processed 9200 medicines from dm_spl_release_human_rx_part1.zip...
2025-07-20 01:52:48,690 - INFO - Processed 9300 medicines from dm_spl_release_human_rx_part1.zip...
2025-07-20 01:52:51,916 - INFO - Processed 9400 medicines from dm_spl_release_human_rx_part1.zip...
2025-07-20 01:53:06,153 - INFO - Processed 9500 medicines from dm_spl_release_human_rx_part1.zip...
2025-07-20 01:53:14,938 - INFO - Processed 9600 medicines from dm_spl_release_human_rx_part1.zip...
2025-07-20 01:53:19,050 - INFO - Processed 9700 medicines from dm_spl_release_human_rx_part1.zip...
2025-07-20 01:53:22,307 - INFO - Processed 9800 medicines from dm_spl_release_human_rx_part1.zip...
2025-07-20 01:53:26,969 - INFO - Processed 9900 medicines from dm_spl_release_human_rx_part1.zip...
2025-07-20 01:53:33,804 - INFO - Processed 10000 medicines from dm_spl_release_human_rx_part1.zip...
2025-07-20 01:53:40,117 - INFO - Processed 10100 medicines from dm_spl_release_human_rx_part1.zip...
2025-07-20 01:53:42,886 - INFO - Processed 10200 medicines from dm_spl_release_human_rx_part1.zip...
2025-07-20 01:53:45,205 - INFO - Processed 10300 medicines from dm_spl_release_human_rx_part1.zip...
2025-07-20 01:53:47,474 - INFO - Processed 10400 medicines from dm_spl_release_human_rx_part1.zip...
2025-07-20 01:53:49,384 - INFO - Processed 10500 medicines from dm_spl_release_human_rx_part1.zip...
2025-07-20 01:53:51,291 - INFO - Processed 10600 medicines from dm_spl_release_human_rx_part1.zip...
2025-07-20 01:53:53,317 - INFO - Processed 10700 medicines from dm_spl_release_human_rx_part1.zip...
2025-07-20 01:53:58,234 - INFO - Processed 10800 medicines from dm_spl_release_human_rx_part1.zip...
2025-07-20 01:54:05,578 - INFO - Processed 10900 medicines from dm_spl_release_human_rx_part1.zip...
2025-07-20 01:54:10,996 - INFO - Processed 11000 medicines from dm_spl_release_human_rx_part1.zip...
2025-07-20 01:54:12,798 - INFO - Processed 11100 medicines from dm_spl_release_human_rx_part1.zip...
2025-07-20 01:54:14,696 - INFO - Processed 11200 medicines from dm_spl_release_human_rx_part1.zip...
2025-07-20 01:54:16,465 - INFO - Processed 11300 medicines from dm_spl_release_human_rx_part1.zip...
2025-07-20 01:54:18,730 - INFO - Processed 11400 medicines from dm_spl_release_human_rx_part1.zip...
2025-07-20 01:54:20,486 - INFO - Processed 11500 medicines from dm_spl_release_human_rx_part1.zip...
2025-07-20 01:54:22,273 - INFO - Processed 11600 medicines from dm_spl_release_human_rx_part1.zip...
2025-07-20 01:54:27,179 - INFO - Processed 11700 medicines from dm_spl_release_human_rx_part1.zip...
2025-07-20 01:54:32,479 - INFO - Processed 11800 medicines from dm_spl_release_human_rx_part1.zip...
2025-07-20 01:54:36,178 - INFO - Processed 11900 medicines from dm_spl_release_human_rx_part1.zip...
2025-07-20 01:54:40,158 - INFO - Processed 12000 medicines from dm_spl_release_human_rx_part1.zip...
2025-07-20 01:54:41,056 - INFO - Processed 12100 medicines from dm_spl_release_human_rx_part1.zip...
2025-07-20 01:54:41,958 - INFO - Processed 12200 medicines from dm_spl_release_human_rx_part1.zip...
2025-07-20 01:54:42,593 - INFO - Completed dm_spl_release_human_rx_part1.zip: Processed 12243, Errors 0
2025-07-20 01:54:42,610 - INFO - Processing ZIP file: Data/dm_spl_release_human_rx_part2.zip
2025-07-20 01:54:42,839 - INFO - Found 10451 nested ZIP files in dm_spl_release_human_rx_part2.zip
2025-07-20 01:54:44,242 - INFO - Processed 100 medicines from dm_spl_release_human_rx_part2.zip...
2025-07-20 01:54:45,925 - INFO - Processed 200 medicines from dm_spl_release_human_rx_part2.zip...
2025-07-20 01:54:47,456 - INFO - Processed 300 medicines from dm_spl_release_human_rx_part2.zip...
2025-07-20 01:54:49,072 - INFO - Processed 400 medicines from dm_spl_release_human_rx_part2.zip...
2025-07-20 01:54:50,791 - INFO - Processed 500 medicines from dm_spl_release_human_rx_part2.zip...
2025-07-20 01:54:53,217 - INFO - Processed 600 medicines from dm_spl_release_human_rx_part2.zip...
2025-07-20 01:54:57,593 - INFO - Processed 700 medicines from dm_spl_release_human_rx_part2.zip...
2025-07-20 01:55:12,497 - INFO - Processed 800 medicines from dm_spl_release_human_rx_part2.zip...
2025-07-20 01:55:26,076 - INFO - Processed 900 medicines from dm_spl_release_human_rx_part2.zip...
2025-07-20 01:55:33,466 - INFO - Processed 1000 medicines from dm_spl_release_human_rx_part2.zip...
2025-07-20 01:55:47,063 - INFO - Processed 1100 medicines from dm_spl_release_human_rx_part2.zip...
2025-07-20 01:55:54,436 - INFO - Processed 1200 medicines from dm_spl_release_human_rx_part2.zip...
2025-07-20 01:56:00,239 - INFO - Processed 1300 medicines from dm_spl_release_human_rx_part2.zip...
2025-07-20 01:56:08,783 - INFO - Processed 1400 medicines from dm_spl_release_human_rx_part2.zip...
2025-07-20 01:56:21,130 - INFO - Processed 1500 medicines from dm_spl_release_human_rx_part2.zip...
2025-07-20 01:56:26,979 - INFO - Processed 1600 medicines from dm_spl_release_human_rx_part2.zip...
2025-07-20 01:56:30,499 - INFO - Processed 1700 medicines from dm_spl_release_human_rx_part2.zip...
2025-07-20 01:56:35,851 - INFO - Processed 1800 medicines from dm_spl_release_human_rx_part2.zip...
2025-07-20 01:56:41,502 - INFO - Processed 1900 medicines from dm_spl_release_human_rx_part2.zip...
2025-07-20 01:56:49,420 - INFO - Processed 2000 medicines from dm_spl_release_human_rx_part2.zip...
2025-07-20 01:56:55,002 - INFO - Processed 2100 medicines from dm_spl_release_human_rx_part2.zip...
2025-07-20 01:57:00,287 - INFO - Processed 2200 medicines from dm_spl_release_human_rx_part2.zip...
2025-07-20 01:57:05,912 - INFO - Processed 2300 medicines from dm_spl_release_human_rx_part2.zip...
2025-07-20 01:57:08,406 - INFO - Processed 2400 medicines from dm_spl_release_human_rx_part2.zip...
2025-07-20 01:57:15,571 - INFO - Processed 2500 medicines from dm_spl_release_human_rx_part2.zip...
2025-07-20 01:57:21,243 - INFO - Processed 2600 medicines from dm_spl_release_human_rx_part2.zip...
2025-07-20 01:57:26,706 - INFO - Processed 2700 medicines from dm_spl_release_human_rx_part2.zip...
2025-07-20 01:57:30,597 - INFO - Processed 2800 medicines from dm_spl_release_human_rx_part2.zip...
2025-07-20 01:57:34,171 - INFO - Processed 2900 medicines from dm_spl_release_human_rx_part2.zip...
2025-07-20 01:57:37,454 - INFO - Processed 3000 medicines from dm_spl_release_human_rx_part2.zip...
2025-07-20 01:57:39,690 - INFO - Processed 3100 medicines from dm_spl_release_human_rx_part2.zip...
2025-07-20 01:57:49,200 - INFO - Processed 3200 medicines from dm_spl_release_human_rx_part2.zip...
2025-07-20 01:57:56,723 - INFO - Processed 3300 medicines from dm_spl_release_human_rx_part2.zip...
2025-07-20 01:57:59,287 - INFO - Processed 3400 medicines from dm_spl_release_human_rx_part2.zip...
2025-07-20 01:58:01,936 - INFO - Processed 3500 medicines from dm_spl_release_human_rx_part2.zip...
2025-07-20 01:58:05,166 - INFO - Processed 3600 medicines from dm_spl_release_human_rx_part2.zip...
2025-07-20 01:58:07,517 - INFO - Processed 3700 medicines from dm_spl_release_human_rx_part2.zip...
2025-07-20 01:58:09,972 - INFO - Processed 3800 medicines from dm_spl_release_human_rx_part2.zip...
2025-07-20 01:58:14,059 - INFO - Processed 3900 medicines from dm_spl_release_human_rx_part2.zip...
2025-07-20 01:58:19,090 - INFO - Processed 4000 medicines from dm_spl_release_human_rx_part2.zip...
2025-07-20 01:58:25,108 - INFO - Processed 4100 medicines from dm_spl_release_human_rx_part2.zip...
2025-07-20 01:58:29,087 - INFO - Processed 4200 medicines from dm_spl_release_human_rx_part2.zip...
2025-07-20 01:58:31,537 - INFO - Processed 4300 medicines from dm_spl_release_human_rx_part2.zip...
2025-07-20 01:58:34,142 - INFO - Processed 4400 medicines from dm_spl_release_human_rx_part2.zip...
2025-07-20 01:58:36,701 - INFO - Processed 4500 medicines from dm_spl_release_human_rx_part2.zip...
2025-07-20 01:58:38,910 - INFO - Processed 4600 medicines from dm_spl_release_human_rx_part2.zip...
2025-07-20 01:58:41,342 - INFO - Processed 4700 medicines from dm_spl_release_human_rx_part2.zip...
2025-07-20 01:58:49,680 - INFO - Processed 4800 medicines from dm_spl_release_human_rx_part2.zip...
2025-07-20 01:58:56,345 - INFO - Processed 4900 medicines from dm_spl_release_human_rx_part2.zip...
2025-07-20 01:58:59,890 - INFO - Processed 5000 medicines from dm_spl_release_human_rx_part2.zip...
2025-07-20 01:59:02,330 - INFO - Processed 5100 medicines from dm_spl_release_human_rx_part2.zip...
2025-07-20 01:59:06,260 - INFO - Processed 5200 medicines from dm_spl_release_human_rx_part2.zip...
2025-07-20 01:59:09,029 - INFO - Processed 5300 medicines from dm_spl_release_human_rx_part2.zip...
2025-07-20 01:59:12,479 - INFO - Processed 5400 medicines from dm_spl_release_human_rx_part2.zip...
2025-07-20 01:59:19,806 - INFO - Processed 5500 medicines from dm_spl_release_human_rx_part2.zip...
2025-07-20 01:59:31,189 - INFO - Processed 5600 medicines from dm_spl_release_human_rx_part2.zip...
2025-07-20 01:59:38,415 - INFO - Processed 5700 medicines from dm_spl_release_human_rx_part2.zip...
2025-07-20 01:59:46,462 - INFO - Processed 5800 medicines from dm_spl_release_human_rx_part2.zip...
2025-07-20 01:59:59,389 - INFO - Processed 5900 medicines from dm_spl_release_human_rx_part2.zip...
2025-07-20 02:00:07,646 - INFO - Processed 6000 medicines from dm_spl_release_human_rx_part2.zip...
2025-07-20 02:00:12,652 - INFO - Processed 6100 medicines from dm_spl_release_human_rx_part2.zip...
2025-07-20 02:00:21,230 - INFO - Processed 6200 medicines from dm_spl_release_human_rx_part2.zip...
2025-07-20 02:00:29,726 - INFO - Processed 6300 medicines from dm_spl_release_human_rx_part2.zip...
2025-07-20 02:00:32,897 - INFO - Processed 6400 medicines from dm_spl_release_human_rx_part2.zip...
2025-07-20 02:00:36,003 - INFO - Processed 6500 medicines from dm_spl_release_human_rx_part2.zip...
2025-07-20 02:00:39,683 - INFO - Processed 6600 medicines from dm_spl_release_human_rx_part2.zip...
2025-07-20 02:00:43,294 - INFO - Processed 6700 medicines from dm_spl_release_human_rx_part2.zip...
2025-07-20 02:00:52,622 - INFO - Processed 6800 medicines from dm_spl_release_human_rx_part2.zip...
2025-07-20 02:01:07,322 - INFO - Processed 6900 medicines from dm_spl_release_human_rx_part2.zip...
2025-07-20 02:01:15,932 - INFO - Processed 7000 medicines from dm_spl_release_human_rx_part2.zip...
2025-07-20 02:01:23,755 - INFO - Processed 7100 medicines from dm_spl_release_human_rx_part2.zip...
2025-07-20 02:01:29,821 - INFO - Processed 7200 medicines from dm_spl_release_human_rx_part2.zip...
2025-07-20 02:01:33,375 - INFO - Processed 7300 medicines from dm_spl_release_human_rx_part2.zip...
2025-07-20 02:01:39,426 - INFO - Processed 7400 medicines from dm_spl_release_human_rx_part2.zip...
2025-07-20 02:01:41,943 - INFO - Processed 7500 medicines from dm_spl_release_human_rx_part2.zip...
2025-07-20 02:01:44,532 - INFO - Processed 7600 medicines from dm_spl_release_human_rx_part2.zip...
2025-07-20 02:01:47,437 - INFO - Processed 7700 medicines from dm_spl_release_human_rx_part2.zip...
2025-07-20 02:01:55,442 - INFO - Processed 7800 medicines from dm_spl_release_human_rx_part2.zip...
2025-07-20 02:02:03,344 - INFO - Completed dm_spl_release_human_rx_part2.zip: Processed 7851, Errors 0
2025-07-20 02:02:03,456 - INFO - Processing ZIP file: Data/dm_spl_release_human_rx_part3.zip
2025-07-20 02:02:05,861 - INFO - Found 9194 nested ZIP files in dm_spl_release_human_rx_part3.zip
2025-07-20 02:02:11,992 - INFO - Processed 100 medicines from dm_spl_release_human_rx_part3.zip...
2025-07-20 02:02:16,319 - INFO - Processed 200 medicines from dm_spl_release_human_rx_part3.zip...
2025-07-20 02:02:19,975 - INFO - Processed 300 medicines from dm_spl_release_human_rx_part3.zip...
2025-07-20 02:02:25,457 - INFO - Processed 400 medicines from dm_spl_release_human_rx_part3.zip...
2025-07-20 02:02:38,159 - INFO - Processed 500 medicines from dm_spl_release_human_rx_part3.zip...
2025-07-20 02:02:42,941 - INFO - Processed 600 medicines from dm_spl_release_human_rx_part3.zip...
2025-07-20 02:02:46,335 - INFO - Processed 700 medicines from dm_spl_release_human_rx_part3.zip...
2025-07-20 02:02:49,360 - INFO - Processed 800 medicines from dm_spl_release_human_rx_part3.zip...
2025-07-20 02:02:51,906 - INFO - Processed 900 medicines from dm_spl_release_human_rx_part3.zip...
2025-07-20 02:02:59,869 - INFO - Processed 1000 medicines from dm_spl_release_human_rx_part3.zip...
2025-07-20 02:03:11,932 - INFO - Processed 1100 medicines from dm_spl_release_human_rx_part3.zip...
2025-07-20 02:03:16,162 - INFO - Processed 1200 medicines from dm_spl_release_human_rx_part3.zip...
2025-07-20 02:03:19,654 - INFO - Processed 1300 medicines from dm_spl_release_human_rx_part3.zip...
2025-07-20 02:03:22,707 - INFO - Processed 1400 medicines from dm_spl_release_human_rx_part3.zip...
2025-07-20 02:03:29,673 - INFO - Processed 1500 medicines from dm_spl_release_human_rx_part3.zip...
2025-07-20 02:03:36,066 - INFO - Processed 1600 medicines from dm_spl_release_human_rx_part3.zip...
2025-07-20 02:03:41,557 - INFO - Processed 1700 medicines from dm_spl_release_human_rx_part3.zip...
2025-07-20 02:03:44,596 - INFO - Processed 1800 medicines from dm_spl_release_human_rx_part3.zip...
2025-07-20 02:03:47,648 - INFO - Processed 1900 medicines from dm_spl_release_human_rx_part3.zip...
2025-07-20 02:03:51,447 - INFO - Processed 2000 medicines from dm_spl_release_human_rx_part3.zip...
2025-07-20 02:03:54,281 - INFO - Processed 2100 medicines from dm_spl_release_human_rx_part3.zip...
2025-07-20 02:03:58,905 - INFO - Processed 2200 medicines from dm_spl_release_human_rx_part3.zip...
2025-07-20 02:04:11,628 - INFO - Processed 2300 medicines from dm_spl_release_human_rx_part3.zip...
2025-07-20 02:04:14,981 - INFO - Processed 2400 medicines from dm_spl_release_human_rx_part3.zip...
2025-07-20 02:04:18,801 - INFO - Processed 2500 medicines from dm_spl_release_human_rx_part3.zip...
2025-07-20 02:04:21,858 - INFO - Processed 2600 medicines from dm_spl_release_human_rx_part3.zip...
2025-07-20 02:04:25,999 - INFO - Processed 2700 medicines from dm_spl_release_human_rx_part3.zip...
2025-07-20 02:04:35,941 - INFO - Processed 2800 medicines from dm_spl_release_human_rx_part3.zip...
2025-07-20 02:04:44,316 - INFO - Processed 2900 medicines from dm_spl_release_human_rx_part3.zip...
2025-07-20 02:04:48,323 - INFO - Processed 3000 medicines from dm_spl_release_human_rx_part3.zip...
2025-07-20 02:04:51,196 - INFO - Processed 3100 medicines from dm_spl_release_human_rx_part3.zip...
2025-07-20 02:04:54,914 - INFO - Processed 3200 medicines from dm_spl_release_human_rx_part3.zip...
2025-07-20 02:04:58,201 - INFO - Processed 3300 medicines from dm_spl_release_human_rx_part3.zip...
2025-07-20 02:05:03,537 - INFO - Processed 3400 medicines from dm_spl_release_human_rx_part3.zip...
2025-07-20 02:05:15,171 - INFO - Processed 3500 medicines from dm_spl_release_human_rx_part3.zip...
2025-07-20 02:05:18,367 - INFO - Processed 3600 medicines from dm_spl_release_human_rx_part3.zip...
2025-07-20 02:05:21,365 - INFO - Processed 3700 medicines from dm_spl_release_human_rx_part3.zip...
2025-07-20 02:05:23,913 - INFO - Processed 3800 medicines from dm_spl_release_human_rx_part3.zip...
2025-07-20 02:05:27,415 - INFO - Processed 3900 medicines from dm_spl_release_human_rx_part3.zip...
2025-07-20 02:05:32,378 - INFO - Processed 4000 medicines from dm_spl_release_human_rx_part3.zip...
2025-07-20 02:05:43,593 - INFO - Processed 4100 medicines from dm_spl_release_human_rx_part3.zip...
2025-07-20 02:05:50,116 - INFO - Processed 4200 medicines from dm_spl_release_human_rx_part3.zip...
2025-07-20 02:05:53,140 - INFO - Processed 4300 medicines from dm_spl_release_human_rx_part3.zip...
2025-07-20 02:05:56,639 - INFO - Processed 4400 medicines from dm_spl_release_human_rx_part3.zip...
2025-07-20 02:05:59,689 - INFO - Processed 4500 medicines from dm_spl_release_human_rx_part3.zip...
2025-07-20 02:06:08,312 - INFO - Processed 4600 medicines from dm_spl_release_human_rx_part3.zip...
2025-07-20 02:06:18,066 - INFO - Processed 4700 medicines from dm_spl_release_human_rx_part3.zip...
2025-07-20 02:06:21,699 - INFO - Processed 4800 medicines from dm_spl_release_human_rx_part3.zip...
2025-07-20 02:06:24,921 - INFO - Processed 4900 medicines from dm_spl_release_human_rx_part3.zip...
2025-07-20 02:06:28,746 - INFO - Processed 5000 medicines from dm_spl_release_human_rx_part3.zip...
2025-07-20 02:06:32,319 - INFO - Processed 5100 medicines from dm_spl_release_human_rx_part3.zip...
2025-07-20 02:06:39,433 - INFO - Processed 5200 medicines from dm_spl_release_human_rx_part3.zip...
2025-07-20 02:06:47,362 - INFO - Processed 5300 medicines from dm_spl_release_human_rx_part3.zip...
2025-07-20 02:06:49,894 - INFO - Processed 5400 medicines from dm_spl_release_human_rx_part3.zip...
2025-07-20 02:06:52,298 - INFO - Processed 5500 medicines from dm_spl_release_human_rx_part3.zip...
2025-07-20 02:06:54,545 - INFO - Processed 5600 medicines from dm_spl_release_human_rx_part3.zip...
2025-07-20 02:06:56,438 - INFO - Processed 5700 medicines from dm_spl_release_human_rx_part3.zip...
2025-07-20 02:06:58,574 - INFO - Processed 5800 medicines from dm_spl_release_human_rx_part3.zip...
2025-07-20 02:07:01,073 - INFO - Processed 5900 medicines from dm_spl_release_human_rx_part3.zip...
2025-07-20 02:07:06,732 - INFO - Processed 6000 medicines from dm_spl_release_human_rx_part3.zip...
2025-07-20 02:07:16,788 - INFO - Processed 6100 medicines from dm_spl_release_human_rx_part3.zip...
2025-07-20 02:07:20,970 - INFO - Processed 6200 medicines from dm_spl_release_human_rx_part3.zip...
2025-07-20 02:07:24,484 - INFO - Processed 6300 medicines from dm_spl_release_human_rx_part3.zip...
2025-07-20 02:07:27,176 - INFO - Processed 6400 medicines from dm_spl_release_human_rx_part3.zip...
2025-07-20 02:07:29,994 - INFO - Processed 6500 medicines from dm_spl_release_human_rx_part3.zip...
2025-07-20 02:07:32,648 - INFO - Processed 6600 medicines from dm_spl_release_human_rx_part3.zip...
2025-07-20 02:07:38,023 - INFO - Processed 6700 medicines from dm_spl_release_human_rx_part3.zip...
2025-07-20 02:07:46,660 - INFO - Processed 6800 medicines from dm_spl_release_human_rx_part3.zip...
2025-07-20 02:07:51,957 - INFO - Processed 6900 medicines from dm_spl_release_human_rx_part3.zip...
2025-07-20 02:07:52,602 - INFO - Completed dm_spl_release_human_rx_part3.zip: Processed 6931, Errors 0
2025-07-20 02:07:52,618 - INFO - Processing ZIP file: Data/dm_spl_release_human_rx_part4.zip
2025-07-20 02:07:52,986 - INFO - Found 9380 nested ZIP files in dm_spl_release_human_rx_part4.zip
2025-07-20 02:07:55,258 - INFO - Processed 100 medicines from dm_spl_release_human_rx_part4.zip...
2025-07-20 02:07:57,104 - INFO - Processed 200 medicines from dm_spl_release_human_rx_part4.zip...
2025-07-20 02:07:59,730 - INFO - Processed 300 medicines from dm_spl_release_human_rx_part4.zip...
2025-07-20 02:08:01,447 - INFO - Processed 400 medicines from dm_spl_release_human_rx_part4.zip...
2025-07-20 02:08:03,572 - INFO - Processed 500 medicines from dm_spl_release_human_rx_part4.zip...
2025-07-20 02:08:10,280 - INFO - Processed 600 medicines from dm_spl_release_human_rx_part4.zip...
2025-07-20 02:08:16,237 - INFO - Processed 700 medicines from dm_spl_release_human_rx_part4.zip...
2025-07-20 02:08:20,405 - INFO - Processed 800 medicines from dm_spl_release_human_rx_part4.zip...
2025-07-20 02:08:23,317 - INFO - Processed 900 medicines from dm_spl_release_human_rx_part4.zip...
2025-07-20 02:08:28,556 - INFO - Processed 1000 medicines from dm_spl_release_human_rx_part4.zip...
2025-07-20 02:08:31,595 - INFO - Processed 1100 medicines from dm_spl_release_human_rx_part4.zip...
2025-07-20 02:08:36,646 - INFO - Processed 1200 medicines from dm_spl_release_human_rx_part4.zip...
2025-07-20 02:08:45,333 - INFO - Processed 1300 medicines from dm_spl_release_human_rx_part4.zip...
2025-07-20 02:08:49,987 - INFO - Processed 1400 medicines from dm_spl_release_human_rx_part4.zip...
2025-07-20 02:08:54,169 - INFO - Processed 1500 medicines from dm_spl_release_human_rx_part4.zip...
2025-07-20 02:08:58,283 - INFO - Processed 1600 medicines from dm_spl_release_human_rx_part4.zip...
2025-07-20 02:09:01,534 - INFO - Processed 1700 medicines from dm_spl_release_human_rx_part4.zip...
2025-07-20 02:09:03,648 - INFO - Processed 1800 medicines from dm_spl_release_human_rx_part4.zip...
2025-07-20 02:09:09,118 - INFO - Processed 1900 medicines from dm_spl_release_human_rx_part4.zip...
2025-07-20 02:09:16,205 - INFO - Processed 2000 medicines from dm_spl_release_human_rx_part4.zip...
2025-07-20 02:09:23,265 - INFO - Processed 2100 medicines from dm_spl_release_human_rx_part4.zip...
2025-07-20 02:09:25,832 - INFO - Processed 2200 medicines from dm_spl_release_human_rx_part4.zip...
2025-07-20 02:09:28,486 - INFO - Processed 2300 medicines from dm_spl_release_human_rx_part4.zip...
2025-07-20 02:09:31,636 - INFO - Processed 2400 medicines from dm_spl_release_human_rx_part4.zip...
2025-07-20 02:09:34,694 - INFO - Processed 2500 medicines from dm_spl_release_human_rx_part4.zip...
2025-07-20 02:09:39,775 - INFO - Processed 2600 medicines from dm_spl_release_human_rx_part4.zip...
2025-07-20 02:09:46,532 - INFO - Processed 2700 medicines from dm_spl_release_human_rx_part4.zip...
2025-07-20 02:09:54,172 - INFO - Processed 2800 medicines from dm_spl_release_human_rx_part4.zip...
2025-07-20 02:09:58,851 - INFO - Processed 2900 medicines from dm_spl_release_human_rx_part4.zip...
2025-07-20 02:10:03,623 - INFO - Processed 3000 medicines from dm_spl_release_human_rx_part4.zip...
2025-07-20 02:10:08,526 - INFO - Processed 3100 medicines from dm_spl_release_human_rx_part4.zip...
2025-07-20 02:10:22,706 - INFO - Processed 3200 medicines from dm_spl_release_human_rx_part4.zip...
2025-07-20 02:10:27,539 - INFO - Processed 3300 medicines from dm_spl_release_human_rx_part4.zip...
2025-07-20 02:10:31,113 - INFO - Processed 3400 medicines from dm_spl_release_human_rx_part4.zip...
2025-07-20 02:10:36,362 - INFO - Processed 3500 medicines from dm_spl_release_human_rx_part4.zip...
2025-07-20 02:10:46,502 - INFO - Processed 3600 medicines from dm_spl_release_human_rx_part4.zip...
2025-07-20 02:10:55,541 - INFO - Processed 3700 medicines from dm_spl_release_human_rx_part4.zip...
2025-07-20 02:10:59,882 - INFO - Processed 3800 medicines from dm_spl_release_human_rx_part4.zip...
2025-07-20 02:11:04,168 - INFO - Processed 3900 medicines from dm_spl_release_human_rx_part4.zip...
2025-07-20 02:11:10,030 - INFO - Processed 4000 medicines from dm_spl_release_human_rx_part4.zip...
2025-07-20 02:11:19,825 - INFO - Processed 4100 medicines from dm_spl_release_human_rx_part4.zip...
2025-07-20 02:11:27,913 - INFO - Processed 4200 medicines from dm_spl_release_human_rx_part4.zip...
2025-07-20 02:11:29,444 - INFO - Processed 4300 medicines from dm_spl_release_human_rx_part4.zip...
2025-07-20 02:11:31,828 - INFO - Processed 4400 medicines from dm_spl_release_human_rx_part4.zip...
2025-07-20 02:11:33,896 - INFO - Processed 4500 medicines from dm_spl_release_human_rx_part4.zip...
2025-07-20 02:11:36,862 - INFO - Processed 4600 medicines from dm_spl_release_human_rx_part4.zip...
2025-07-20 02:11:44,223 - INFO - Processed 4700 medicines from dm_spl_release_human_rx_part4.zip...
2025-07-20 02:11:58,344 - INFO - Processed 4800 medicines from dm_spl_release_human_rx_part4.zip...
2025-07-20 02:12:01,730 - INFO - Processed 4900 medicines from dm_spl_release_human_rx_part4.zip...
2025-07-20 02:12:04,797 - INFO - Processed 5000 medicines from dm_spl_release_human_rx_part4.zip...
2025-07-20 02:12:09,042 - INFO - Processed 5100 medicines from dm_spl_release_human_rx_part4.zip...
2025-07-20 02:12:12,642 - INFO - Processed 5200 medicines from dm_spl_release_human_rx_part4.zip...
2025-07-20 02:12:18,000 - INFO - Processed 5300 medicines from dm_spl_release_human_rx_part4.zip...
2025-07-20 02:12:27,230 - INFO - Processed 5400 medicines from dm_spl_release_human_rx_part4.zip...
2025-07-20 02:12:30,008 - INFO - Processed 5500 medicines from dm_spl_release_human_rx_part4.zip...
2025-07-20 02:12:31,954 - INFO - Processed 5600 medicines from dm_spl_release_human_rx_part4.zip...
2025-07-20 02:12:33,833 - INFO - Processed 5700 medicines from dm_spl_release_human_rx_part4.zip...
2025-07-20 02:12:37,629 - INFO - Processed 5800 medicines from dm_spl_release_human_rx_part4.zip...
2025-07-20 02:12:41,447 - INFO - Processed 5900 medicines from dm_spl_release_human_rx_part4.zip...
2025-07-20 02:12:48,279 - INFO - Processed 6000 medicines from dm_spl_release_human_rx_part4.zip...
2025-07-20 02:13:00,781 - INFO - Processed 6100 medicines from dm_spl_release_human_rx_part4.zip...
2025-07-20 02:13:05,148 - INFO - Processed 6200 medicines from dm_spl_release_human_rx_part4.zip...
2025-07-20 02:13:10,846 - INFO - Processed 6300 medicines from dm_spl_release_human_rx_part4.zip...
2025-07-20 02:13:13,816 - INFO - Processed 6400 medicines from dm_spl_release_human_rx_part4.zip...
2025-07-20 02:13:22,532 - INFO - Processed 6500 medicines from dm_spl_release_human_rx_part4.zip...
2025-07-20 02:13:32,786 - INFO - Processed 6600 medicines from dm_spl_release_human_rx_part4.zip...
2025-07-20 02:13:36,766 - INFO - Processed 6700 medicines from dm_spl_release_human_rx_part4.zip...
2025-07-20 02:13:41,030 - INFO - Processed 6800 medicines from dm_spl_release_human_rx_part4.zip...
2025-07-20 02:13:45,296 - INFO - Processed 6900 medicines from dm_spl_release_human_rx_part4.zip...
2025-07-20 02:13:56,719 - INFO - Processed 7000 medicines from dm_spl_release_human_rx_part4.zip...
2025-07-20 02:14:03,388 - INFO - Processed 7100 medicines from dm_spl_release_human_rx_part4.zip...
2025-07-20 02:14:07,404 - INFO - Processed 7200 medicines from dm_spl_release_human_rx_part4.zip...
2025-07-20 02:14:11,420 - INFO - Completed dm_spl_release_human_rx_part4.zip: Processed 7248, Errors 0
2025-07-20 02:14:11,427 - INFO - Processing ZIP file: Data/dm_spl_release_human_rx_part5.zip
2025-07-20 02:14:11,588 - INFO - Found 6599 nested ZIP files in dm_spl_release_human_rx_part5.zip
2025-07-20 02:14:15,326 - INFO - Processed 100 medicines from dm_spl_release_human_rx_part5.zip...
2025-07-20 02:14:25,523 - INFO - Processed 200 medicines from dm_spl_release_human_rx_part5.zip...
2025-07-20 02:14:34,112 - INFO - Processed 300 medicines from dm_spl_release_human_rx_part5.zip...
2025-07-20 02:14:37,510 - INFO - Processed 400 medicines from dm_spl_release_human_rx_part5.zip...
2025-07-20 02:14:41,520 - INFO - Processed 500 medicines from dm_spl_release_human_rx_part5.zip...
2025-07-20 02:14:46,430 - INFO - Processed 600 medicines from dm_spl_release_human_rx_part5.zip...
2025-07-20 02:14:59,751 - INFO - Processed 700 medicines from dm_spl_release_human_rx_part5.zip...
2025-07-20 02:15:05,717 - INFO - Processed 800 medicines from dm_spl_release_human_rx_part5.zip...
2025-07-20 02:15:10,026 - INFO - Processed 900 medicines from dm_spl_release_human_rx_part5.zip...
2025-07-20 02:15:13,874 - INFO - Processed 1000 medicines from dm_spl_release_human_rx_part5.zip...
2025-07-20 02:15:16,983 - INFO - Processed 1100 medicines from dm_spl_release_human_rx_part5.zip...
2025-07-20 02:15:19,223 - INFO - Processed 1200 medicines from dm_spl_release_human_rx_part5.zip...
2025-07-20 02:15:28,266 - INFO - Processed 1300 medicines from dm_spl_release_human_rx_part5.zip...
2025-07-20 02:15:36,399 - INFO - Processed 1400 medicines from dm_spl_release_human_rx_part5.zip...
2025-07-20 02:15:39,373 - INFO - Processed 1500 medicines from dm_spl_release_human_rx_part5.zip...
2025-07-20 02:15:42,575 - INFO - Processed 1600 medicines from dm_spl_release_human_rx_part5.zip...
2025-07-20 02:15:45,607 - INFO - Processed 1700 medicines from dm_spl_release_human_rx_part5.zip...
2025-07-20 02:15:49,168 - INFO - Processed 1800 medicines from dm_spl_release_human_rx_part5.zip...
2025-07-20 02:15:55,627 - INFO - Processed 1900 medicines from dm_spl_release_human_rx_part5.zip...
2025-07-20 02:16:06,018 - INFO - Processed 2000 medicines from dm_spl_release_human_rx_part5.zip...
2025-07-20 02:16:13,107 - INFO - Processed 2100 medicines from dm_spl_release_human_rx_part5.zip...
2025-07-20 02:16:17,453 - INFO - Processed 2200 medicines from dm_spl_release_human_rx_part5.zip...
2025-07-20 02:16:21,189 - INFO - Processed 2300 medicines from dm_spl_release_human_rx_part5.zip...
2025-07-20 02:16:31,284 - INFO - Processed 2400 medicines from dm_spl_release_human_rx_part5.zip...
2025-07-20 02:16:39,563 - INFO - Processed 2500 medicines from dm_spl_release_human_rx_part5.zip...
2025-07-20 02:16:43,410 - INFO - Processed 2600 medicines from dm_spl_release_human_rx_part5.zip...
2025-07-20 02:16:47,389 - INFO - Processed 2700 medicines from dm_spl_release_human_rx_part5.zip...
2025-07-20 02:16:50,895 - INFO - Processed 2800 medicines from dm_spl_release_human_rx_part5.zip...
2025-07-20 02:16:56,437 - INFO - Processed 2900 medicines from dm_spl_release_human_rx_part5.zip...
2025-07-20 02:17:08,159 - INFO - Processed 3000 medicines from dm_spl_release_human_rx_part5.zip...
2025-07-20 02:17:14,999 - INFO - Processed 3100 medicines from dm_spl_release_human_rx_part5.zip...
2025-07-20 02:17:19,125 - INFO - Processed 3200 medicines from dm_spl_release_human_rx_part5.zip...
2025-07-20 02:17:22,385 - INFO - Processed 3300 medicines from dm_spl_release_human_rx_part5.zip...
2025-07-20 02:17:33,217 - INFO - Processed 3400 medicines from dm_spl_release_human_rx_part5.zip...
2025-07-20 02:17:41,866 - INFO - Processed 3500 medicines from dm_spl_release_human_rx_part5.zip...
2025-07-20 02:17:45,402 - INFO - Processed 3600 medicines from dm_spl_release_human_rx_part5.zip...
2025-07-20 02:17:48,934 - INFO - Processed 3700 medicines from dm_spl_release_human_rx_part5.zip...
2025-07-20 02:17:53,357 - INFO - Processed 3800 medicines from dm_spl_release_human_rx_part5.zip...
2025-07-20 02:18:04,287 - INFO - Processed 3900 medicines from dm_spl_release_human_rx_part5.zip...
2025-07-20 02:18:14,286 - INFO - Processed 4000 medicines from dm_spl_release_human_rx_part5.zip...
2025-07-20 02:18:18,588 - INFO - Processed 4100 medicines from dm_spl_release_human_rx_part5.zip...
2025-07-20 02:18:24,178 - INFO - Processed 4200 medicines from dm_spl_release_human_rx_part5.zip...
2025-07-20 02:18:31,470 - INFO - Processed 4300 medicines from dm_spl_release_human_rx_part5.zip...
2025-07-20 02:18:44,638 - INFO - Processed 4400 medicines from dm_spl_release_human_rx_part5.zip...
2025-07-20 02:18:48,019 - INFO - Processed 4500 medicines from dm_spl_release_human_rx_part5.zip...
2025-07-20 02:18:51,610 - INFO - Processed 4600 medicines from dm_spl_release_human_rx_part5.zip...
2025-07-20 02:18:55,458 - INFO - Processed 4700 medicines from dm_spl_release_human_rx_part5.zip...
2025-07-20 02:18:58,522 - INFO - Processed 4800 medicines from dm_spl_release_human_rx_part5.zip...
2025-07-20 02:19:07,994 - INFO - Processed 4900 medicines from dm_spl_release_human_rx_part5.zip...
2025-07-20 02:19:16,305 - INFO - Completed dm_spl_release_human_rx_part5.zip: Processed 4960, Errors 0
2025-07-20 02:19:18,858 - INFO - Saved 39233 medicines to medicine_dailymed_complete_all
