2025-07-20 03:43:42,957 - INFO - Processing ZIP file: Data/dm_spl_release_human_rx_part1.zip
2025-07-20 03:53:13,370 - INFO - Processing ZIP file: Data/dm_spl_release_human_rx_part1.zip
2025-07-20 03:53:14,038 - INFO - Found 15048 nested ZIP files in dm_spl_release_human_rx_part1.zip
2025-07-20 03:53:14,052 - INFO - Processed 0/15048 nested ZIPs from dm_spl_release_human_rx_part1.zip...
2025-07-20 03:53:32,426 - INFO - Processed 1000/15048 nested ZIPs from dm_spl_release_human_rx_part1.zip...
2025-07-20 03:53:33,248 - INFO - Processed 1000 medicines from dm_spl_release_human_rx_part1.zip...
2025-07-20 03:53:57,247 - INFO - Processed 2000/15048 nested ZIPs from dm_spl_release_human_rx_part1.zip...
2025-07-20 03:53:58,397 - INFO - Processed 2000 medicines from dm_spl_release_human_rx_part1.zip...
2025-07-20 03:54:18,365 - INFO - Processed 3000/15048 nested ZIPs from dm_spl_release_human_rx_part1.zip...
2025-07-20 03:54:20,554 - INFO - Processed 3000 medicines from dm_spl_release_human_rx_part1.zip...
2025-07-20 03:54:35,317 - INFO - Processed 4000/15048 nested ZIPs from dm_spl_release_human_rx_part1.zip...
2025-07-20 03:54:44,015 - INFO - Processed 4000 medicines from dm_spl_release_human_rx_part1.zip...
2025-07-20 03:54:57,274 - INFO - Processed 5000/15048 nested ZIPs from dm_spl_release_human_rx_part1.zip...
2025-07-20 03:55:05,486 - INFO - Processed 5000 medicines from dm_spl_release_human_rx_part1.zip...
2025-07-20 03:55:13,077 - INFO - Processed 6000/15048 nested ZIPs from dm_spl_release_human_rx_part1.zip...
2025-07-20 03:55:25,341 - INFO - Processed 6000 medicines from dm_spl_release_human_rx_part1.zip...
2025-07-20 03:55:27,981 - INFO - Processed 7000/15048 nested ZIPs from dm_spl_release_human_rx_part1.zip...
2025-07-20 03:55:50,073 - INFO - Processed 8000/15048 nested ZIPs from dm_spl_release_human_rx_part1.zip...
2025-07-20 03:55:53,705 - INFO - Processed 7000 medicines from dm_spl_release_human_rx_part1.zip...
2025-07-20 03:56:11,875 - INFO - Processed 9000/15048 nested ZIPs from dm_spl_release_human_rx_part1.zip...
2025-07-20 03:56:19,984 - INFO - Processed 8000 medicines from dm_spl_release_human_rx_part1.zip...
2025-07-20 03:56:32,795 - INFO - Processed 10000/15048 nested ZIPs from dm_spl_release_human_rx_part1.zip...
2025-07-20 03:56:51,604 - INFO - Processed 9000 medicines from dm_spl_release_human_rx_part1.zip...
2025-07-20 03:56:53,922 - INFO - Processed 11000/15048 nested ZIPs from dm_spl_release_human_rx_part1.zip...
2025-07-20 03:57:14,131 - INFO - Processed 12000/15048 nested ZIPs from dm_spl_release_human_rx_part1.zip...
2025-07-20 03:57:16,043 - INFO - Processed 10000 medicines from dm_spl_release_human_rx_part1.zip...
2025-07-20 03:57:32,995 - INFO - Processed 13000/15048 nested ZIPs from dm_spl_release_human_rx_part1.zip...
2025-07-20 03:57:47,508 - INFO - Processed 11000 medicines from dm_spl_release_human_rx_part1.zip...
2025-07-20 03:58:00,364 - INFO - Processed 14000/15048 nested ZIPs from dm_spl_release_human_rx_part1.zip...
2025-07-20 03:58:21,651 - INFO - Processed 12000 medicines from dm_spl_release_human_rx_part1.zip...
2025-07-20 03:58:24,048 - INFO - Processed 15000/15048 nested ZIPs from dm_spl_release_human_rx_part1.zip...
2025-07-20 03:58:24,716 - INFO - Completed dm_spl_release_human_rx_part1.zip: Processed 12243, Errors 0, XML files 15048
2025-07-20 03:58:24,730 - INFO - Processing ZIP file: Data/dm_spl_release_human_rx_part2.zip
2025-07-20 03:58:24,935 - INFO - Found 10451 nested ZIP files in dm_spl_release_human_rx_part2.zip
2025-07-20 03:58:25,018 - INFO - Processed 0/10451 nested ZIPs from dm_spl_release_human_rx_part2.zip...
2025-07-20 03:58:48,940 - INFO - Processed 1000/10451 nested ZIPs from dm_spl_release_human_rx_part2.zip...
2025-07-20 03:58:58,245 - INFO - Processed 1000 medicines from dm_spl_release_human_rx_part2.zip...
2025-07-20 03:59:11,245 - INFO - Processed 2000/10451 nested ZIPs from dm_spl_release_human_rx_part2.zip...
2025-07-20 03:59:24,890 - INFO - Processed 2000 medicines from dm_spl_release_human_rx_part2.zip...
2025-07-20 03:59:32,427 - INFO - Processed 3000/10451 nested ZIPs from dm_spl_release_human_rx_part2.zip...
2025-07-20 03:59:54,619 - INFO - Processed 3000 medicines from dm_spl_release_human_rx_part2.zip...
2025-07-20 03:59:55,507 - INFO - Processed 4000/10451 nested ZIPs from dm_spl_release_human_rx_part2.zip...
2025-07-20 04:00:19,727 - INFO - Processed 5000/10451 nested ZIPs from dm_spl_release_human_rx_part2.zip...
2025-07-20 04:00:26,406 - INFO - Processed 4000 medicines from dm_spl_release_human_rx_part2.zip...
2025-07-20 04:00:42,909 - INFO - Processed 6000/10451 nested ZIPs from dm_spl_release_human_rx_part2.zip...
2025-07-20 04:00:56,467 - INFO - Processed 5000 medicines from dm_spl_release_human_rx_part2.zip...
2025-07-20 04:01:04,876 - INFO - Processed 7000/10451 nested ZIPs from dm_spl_release_human_rx_part2.zip...
2025-07-20 04:01:24,724 - INFO - Processed 6000 medicines from dm_spl_release_human_rx_part2.zip...
2025-07-20 04:01:26,728 - INFO - Processed 8000/10451 nested ZIPs from dm_spl_release_human_rx_part2.zip...
2025-07-20 04:01:49,651 - INFO - Processed 9000/10451 nested ZIPs from dm_spl_release_human_rx_part2.zip...
2025-07-20 04:01:59,818 - INFO - Processed 7000 medicines from dm_spl_release_human_rx_part2.zip...
2025-07-20 04:02:14,166 - INFO - Processed 10000/10451 nested ZIPs from dm_spl_release_human_rx_part2.zip...
2025-07-20 04:02:22,876 - INFO - Completed dm_spl_release_human_rx_part2.zip: Processed 7851, Errors 0, XML files 10451
2025-07-20 04:02:22,888 - INFO - Processing ZIP file: Data/dm_spl_release_human_rx_part3.zip
2025-07-20 04:02:23,076 - INFO - Found 9194 nested ZIP files in dm_spl_release_human_rx_part3.zip
2025-07-20 04:02:23,117 - INFO - Processed 0/9194 nested ZIPs from dm_spl_release_human_rx_part3.zip...
2025-07-20 04:02:48,347 - INFO - Processed 1000/9194 nested ZIPs from dm_spl_release_human_rx_part3.zip...
2025-07-20 04:02:54,051 - INFO - Processed 1000 medicines from dm_spl_release_human_rx_part3.zip...
2025-07-20 04:03:10,798 - INFO - Processed 2000/9194 nested ZIPs from dm_spl_release_human_rx_part3.zip...
2025-07-20 04:03:24,302 - INFO - Processed 2000 medicines from dm_spl_release_human_rx_part3.zip...
2025-07-20 04:03:31,885 - INFO - Processed 3000/9194 nested ZIPs from dm_spl_release_human_rx_part3.zip...
2025-07-20 04:03:56,579 - INFO - Processed 3000 medicines from dm_spl_release_human_rx_part3.zip...
2025-07-20 04:03:57,665 - INFO - Processed 4000/9194 nested ZIPs from dm_spl_release_human_rx_part3.zip...
2025-07-20 04:04:22,774 - INFO - Processed 5000/9194 nested ZIPs from dm_spl_release_human_rx_part3.zip...
2025-07-20 04:04:28,656 - INFO - Processed 4000 medicines from dm_spl_release_human_rx_part3.zip...
2025-07-20 04:04:51,793 - INFO - Processed 6000/9194 nested ZIPs from dm_spl_release_human_rx_part3.zip...
2025-07-20 04:05:10,098 - INFO - Processed 5000 medicines from dm_spl_release_human_rx_part3.zip...
2025-07-20 04:05:18,676 - INFO - Processed 7000/9194 nested ZIPs from dm_spl_release_human_rx_part3.zip...
2025-07-20 04:05:37,705 - INFO - Processed 6000 medicines from dm_spl_release_human_rx_part3.zip...
2025-07-20 04:05:40,440 - INFO - Processed 8000/9194 nested ZIPs from dm_spl_release_human_rx_part3.zip...
2025-07-20 04:06:07,782 - INFO - Processed 9000/9194 nested ZIPs from dm_spl_release_human_rx_part3.zip...
2025-07-20 04:06:12,085 - INFO - Completed dm_spl_release_human_rx_part3.zip: Processed 6931, Errors 0, XML files 9194
2025-07-20 04:06:12,097 - INFO - Processing ZIP file: Data/dm_spl_release_human_rx_part4.zip
2025-07-20 04:06:12,296 - INFO - Found 9380 nested ZIP files in dm_spl_release_human_rx_part4.zip
2025-07-20 04:06:12,352 - INFO - Processed 0/9380 nested ZIPs from dm_spl_release_human_rx_part4.zip...
2025-07-20 04:06:30,111 - INFO - Processed 1000/9380 nested ZIPs from dm_spl_release_human_rx_part4.zip...
2025-07-20 04:06:35,731 - INFO - Processed 1000 medicines from dm_spl_release_human_rx_part4.zip...
2025-07-20 04:06:55,616 - INFO - Processed 2000/9380 nested ZIPs from dm_spl_release_human_rx_part4.zip...
2025-07-20 04:07:12,366 - INFO - Processed 2000 medicines from dm_spl_release_human_rx_part4.zip...
2025-07-20 04:07:20,772 - INFO - Processed 3000/9380 nested ZIPs from dm_spl_release_human_rx_part4.zip...
2025-07-20 04:07:40,453 - INFO - Processed 3000 medicines from dm_spl_release_human_rx_part4.zip...
2025-07-20 04:07:42,838 - INFO - Processed 4000/9380 nested ZIPs from dm_spl_release_human_rx_part4.zip...
2025-07-20 04:08:05,639 - INFO - Processed 5000/9380 nested ZIPs from dm_spl_release_human_rx_part4.zip...
2025-07-20 04:08:13,857 - INFO - Processed 4000 medicines from dm_spl_release_human_rx_part4.zip...
2025-07-20 04:08:32,186 - INFO - Processed 6000/9380 nested ZIPs from dm_spl_release_human_rx_part4.zip...
2025-07-20 04:08:51,123 - INFO - Processed 5000 medicines from dm_spl_release_human_rx_part4.zip...
2025-07-20 04:09:04,574 - INFO - Processed 7000/9380 nested ZIPs from dm_spl_release_human_rx_part4.zip...
2025-07-20 04:09:19,050 - INFO - Processed 6000 medicines from dm_spl_release_human_rx_part4.zip...
2025-07-20 04:09:26,880 - INFO - Processed 8000/9380 nested ZIPs from dm_spl_release_human_rx_part4.zip...
