2025-07-19 18:51:28,398 - INFO - Processing nested ZIP file: Data/dm_spl_release_human_rx_part1.zip
2025-07-19 18:51:29,578 - INFO - Found 15048 nested ZIP files
2025-07-19 18:51:29,595 - INFO - Processing nested ZIP 1/200: prescription/20060131_ABD6ECF0-DC8E-41DE-89F2-1E36ED9D6535.zip
2025-07-19 18:51:30,578 - INFO - Saved 20 medicines so far...
2025-07-19 18:51:30,582 - INFO - Processing nested ZIP 21/200: prescription/20060725_E728D78E-242F-4A43-BB08-5E467CBFB4B7.zip
2025-07-19 18:51:30,864 - INFO - Saved 40 medicines so far...
2025-07-19 18:51:30,867 - INFO - Processing nested ZIP 41/200: prescription/20060828_888998CC-C7F7-4F2A-8479-DF60F77BC2A1.zip
2025-07-19 18:51:31,085 - INFO - Saved 60 medicines so far...
2025-07-19 18:51:31,085 - INFO - Processing nested ZIP 61/200: prescription/20061005_6281ca7c-2aec-4f14-b7e4-82401a701c96.zip
2025-07-19 18:51:31,270 - INFO - Saved 80 medicines so far...
2025-07-19 18:51:31,274 - INFO - Processing nested ZIP 81/200: prescription/20070111_A1DA5A84-7529-4F62-867F-808A6CAB40B8.zip
2025-07-19 18:51:31,397 - INFO - Saved 100 medicines so far...
2025-07-19 18:51:31,398 - INFO - Processing nested ZIP 101/200: prescription/20070301_290C3E9C-C0C6-440A-1A9C-46E3E2B07A77.zip
2025-07-19 18:51:31,581 - INFO - Processing nested ZIP 121/200: prescription/20070426_EC09AB1C-52FA-4F41-BF65-A632DCE8F097.zip
2025-07-19 18:51:31,584 - INFO - Saved 120 medicines so far...
2025-07-19 18:51:31,804 - INFO - Processing nested ZIP 141/200: prescription/20070625_AF12246F-890C-4C31-BB77-136F47DDA222.zip
2025-07-19 18:51:31,831 - INFO - Saved 140 medicines so far...
2025-07-19 18:51:31,948 - INFO - Processing nested ZIP 161/200: prescription/20070824_C7AB46CD-B3A0-3F9E-97E6-E6125E1A52A2.zip
2025-07-19 18:51:31,976 - INFO - Saved 160 medicines so far...
2025-07-19 18:51:32,113 - INFO - Processing nested ZIP 181/200: prescription/20071101_537B424A-3E07-4C81-978C-1AD99014032A.zip
2025-07-19 18:51:32,140 - INFO - Saved 180 medicines so far...
2025-07-19 18:51:32,295 - INFO - Processing complete! Processed: 195, Errors: 0
