2025-07-19 18:50:10,235 - INFO - Processing nested ZIP file: Data/dm_spl_release_human_rx_part1.zip
2025-07-19 18:50:10,766 - INFO - Found 15048 nested ZIP files
2025-07-19 18:50:10,767 - INFO - Processing nested ZIP 1/100: prescription/20060131_ABD6ECF0-DC8E-41DE-89F2-1E36ED9D6535.zip
2025-07-19 18:50:10,880 - INFO - Saved 10 medicines so far...
2025-07-19 18:50:10,891 - INFO - Processing nested ZIP 11/100: prescription/20060713_DA9B26BB-D2D7-4113-A0F9-C6C2280F4875.zip
2025-07-19 18:50:11,007 - INFO - Saved 20 medicines so far...
2025-07-19 18:50:11,008 - INFO - Processing nested ZIP 21/100: prescription/20060725_E728D78E-242F-4A43-BB08-5E467CBFB4B7.zip
2025-07-19 18:50:11,179 - INFO - Processing nested ZIP 31/100: prescription/20060731_AE274B1F-27C3-483B-99F1-9A9249DC2459.zip
2025-07-19 18:50:11,194 - INFO - Saved 30 medicines so far...
2025-07-19 18:50:11,302 - INFO - Processing nested ZIP 41/100: prescription/20060828_888998CC-C7F7-4F2A-8479-DF60F77BC2A1.zip
2025-07-19 18:50:11,329 - INFO - Saved 40 medicines so far...
2025-07-19 18:50:11,403 - INFO - Processing nested ZIP 51/100: prescription/20060918_D06642A8-A26A-4007-9ED6-812C4B87F1E8.zip
2025-07-19 18:50:11,450 - INFO - Saved 50 medicines so far...
2025-07-19 18:50:11,497 - INFO - Processing nested ZIP 61/100: prescription/20061005_6281ca7c-2aec-4f14-b7e4-82401a701c96.zip
2025-07-19 18:50:11,521 - INFO - Saved 60 medicines so far...
2025-07-19 18:50:11,572 - INFO - Processing nested ZIP 71/100: prescription/20061201_d5a26c5e-9c3e-4781-8c08-62b91d21a68d.zip
2025-07-19 18:50:11,645 - INFO - Saved 70 medicines so far...
2025-07-19 18:50:11,710 - INFO - Processing nested ZIP 81/100: prescription/20070111_A1DA5A84-7529-4F62-867F-808A6CAB40B8.zip
2025-07-19 18:50:11,758 - INFO - Saved 80 medicines so far...
2025-07-19 18:50:11,792 - INFO - Processing nested ZIP 91/100: prescription/20070202_878B7E81-D904-457B-91BD-47129816CC60.zip
2025-07-19 18:50:11,857 - INFO - Saved 90 medicines so far...
2025-07-19 18:50:11,915 - INFO - Processing complete! Processed: 95, Errors: 0
