2025-07-20 04:37:04,732 - INFO - Processing ZIP file: Data/dm_spl_release_human_rx_part4.zip
2025-07-20 04:37:05,276 - INFO - Found 9380 nested ZIP files in dm_spl_release_human_rx_part4.zip
2025-07-20 04:37:05,389 - INFO - Processed 0/9380 nested ZIPs from dm_spl_release_human_rx_part4.zip...
2025-07-20 04:37:28,983 - INFO - Processed 1000/9380 nested ZIPs from dm_spl_release_human_rx_part4.zip...
2025-07-20 04:37:34,067 - INFO - Processed 1000 medicines from dm_spl_release_human_rx_part4.zip...
2025-07-20 04:37:54,859 - INFO - Processed 2000/9380 nested ZIPs from dm_spl_release_human_rx_part4.zip...
2025-07-20 04:38:13,369 - INFO - Processed 2000 medicines from dm_spl_release_human_rx_part4.zip...
2025-07-20 04:38:21,289 - INFO - Processed 3000/9380 nested ZIPs from dm_spl_release_human_rx_part4.zip...
2025-07-20 04:38:46,322 - INFO - Processed 3000 medicines from dm_spl_release_human_rx_part4.zip...
2025-07-20 04:38:49,276 - INFO - Processed 4000/9380 nested ZIPs from dm_spl_release_human_rx_part4.zip...
2025-07-20 04:39:19,495 - INFO - Processed 5000/9380 nested ZIPs from dm_spl_release_human_rx_part4.zip...
2025-07-20 04:39:25,476 - INFO - Processed 4000 medicines from dm_spl_release_human_rx_part4.zip...
2025-07-20 04:39:37,119 - INFO - Processed 6000/9380 nested ZIPs from dm_spl_release_human_rx_part4.zip...
2025-07-20 04:39:51,657 - INFO - Processed 5000 medicines from dm_spl_release_human_rx_part4.zip...
2025-07-20 04:40:03,308 - INFO - Processed 7000/9380 nested ZIPs from dm_spl_release_human_rx_part4.zip...
2025-07-20 04:40:16,521 - INFO - Processed 6000 medicines from dm_spl_release_human_rx_part4.zip...
2025-07-20 04:40:22,891 - INFO - Processed 8000/9380 nested ZIPs from dm_spl_release_human_rx_part4.zip...
2025-07-20 04:40:41,674 - INFO - Processed 9000/9380 nested ZIPs from dm_spl_release_human_rx_part4.zip...
2025-07-20 04:40:42,566 - INFO - Processed 7000 medicines from dm_spl_release_human_rx_part4.zip...
2025-07-20 04:40:59,271 - INFO - Completed dm_spl_release_human_rx_part4.zip: Processed 7248, Errors 0, XML files 9380
2025-07-20 04:40:59,285 - INFO - Processing ZIP file: Data/dm_spl_release_human_rx_part5.zip
2025-07-20 04:40:59,463 - INFO - Found 6599 nested ZIP files in dm_spl_release_human_rx_part5.zip
2025-07-20 04:40:59,524 - INFO - Processed 0/6599 nested ZIPs from dm_spl_release_human_rx_part5.zip...
2025-07-20 04:41:38,273 - INFO - Processed 1000/6599 nested ZIPs from dm_spl_release_human_rx_part5.zip...
2025-07-20 04:41:48,605 - INFO - Processed 1000 medicines from dm_spl_release_human_rx_part5.zip...
2025-07-20 04:42:13,825 - INFO - Processed 2000/6599 nested ZIPs from dm_spl_release_human_rx_part5.zip...
2025-07-20 04:42:38,168 - INFO - Processed 2000 medicines from dm_spl_release_human_rx_part5.zip...
2025-07-20 04:42:47,248 - INFO - Processed 3000/6599 nested ZIPs from dm_spl_release_human_rx_part5.zip...
2025-07-20 04:43:15,504 - INFO - Processed 4000/6599 nested ZIPs from dm_spl_release_human_rx_part5.zip...
2025-07-20 04:43:15,859 - INFO - Processed 3000 medicines from dm_spl_release_human_rx_part5.zip...
2025-07-20 04:43:39,143 - INFO - Processed 5000/6599 nested ZIPs from dm_spl_release_human_rx_part5.zip...
2025-07-20 04:43:45,822 - INFO - Processed 4000 medicines from dm_spl_release_human_rx_part5.zip...
2025-07-20 04:44:04,440 - INFO - Processed 6000/6599 nested ZIPs from dm_spl_release_human_rx_part5.zip...
2025-07-20 04:44:14,719 - INFO - Completed dm_spl_release_human_rx_part5.zip: Processed 4960, Errors 0, XML files 6599
2025-07-20 04:44:15,199 - INFO - Saved 12208 medicines to medicine_dailymed_resume
