2025-07-20 02:44:30,507 - INFO - Table medicine: 5 records, 5 unique medicines
2025-07-20 02:44:30,586 - INFO -   Sample medicines: ['Panadol', 'Augmentin', 'Voltaren', 'Concor', 'Lipitor']
2025-07-20 02:44:32,455 - INFO - Table medicine_dailymed_complete: 2020 records, 1332 unique medicines
2025-07-20 02:44:32,670 - INFO -   Sample medicines: ['RENESE', 'Mykrox® Tablets', 'Tolinase', 'HYPAQUE', 'MEPERIDINE HYDROCHLORIDE Tablets USP']
2025-07-20 02:44:36,033 - INFO - Table medicine_dailymed_complete_all: 39233 records, 12890 unique medicines
2025-07-20 02:44:36,036 - INFO -   Sample medicines: ['RENESE', 'Mykrox® Tablets', 'Tolinase', 'HYPAQUE', 'MEPERIDINE HYDROCHLORIDE Tablets USP']
2025-07-20 02:44:36,142 - INFO - Table medicine_enhanced: 2025 records, 1337 unique medicines
2025-07-20 02:44:36,168 - INFO -   Sample medicines: ['0.9% Sodium Chloride Injection USP', '0.9% Sodium Chloride Injection, USP', '1  INDICATIONS AND USAGE', '1 INDICATIONS AND USAGE', '1 INDICATIONS AND USAGE']
2025-07-20 02:44:36,243 - INFO - Analyzing ZIP file: Data/dm_spl_release_human_rx_part1.zip
2025-07-20 02:44:37,111 - INFO - Found 15048 nested ZIP files
2025-07-20 02:44:37,126 - INFO - Processed 0/15048 nested ZIPs...
2025-07-20 02:44:52,723 - INFO - Processed 1000/15048 nested ZIPs...
2025-07-20 02:45:12,936 - INFO - Processed 2000/15048 nested ZIPs...
2025-07-20 02:45:36,764 - INFO - Processed 3000/15048 nested ZIPs...
2025-07-20 02:45:57,772 - INFO - Processed 4000/15048 nested ZIPs...
2025-07-20 02:46:14,779 - INFO - Processed 5000/15048 nested ZIPs...
2025-07-20 02:46:32,534 - INFO - Processed 6000/15048 nested ZIPs...
2025-07-20 02:46:49,845 - INFO - Processed 7000/15048 nested ZIPs...
2025-07-20 02:47:13,153 - INFO - Processed 8000/15048 nested ZIPs...
2025-07-20 02:47:35,157 - INFO - Processed 9000/15048 nested ZIPs...
2025-07-20 02:47:58,784 - INFO - Processed 10000/15048 nested ZIPs...
2025-07-20 02:48:15,902 - INFO - Processed 11000/15048 nested ZIPs...
2025-07-20 02:48:36,119 - INFO - Processed 12000/15048 nested ZIPs...
2025-07-20 02:48:52,507 - INFO - Processed 13000/15048 nested ZIPs...
2025-07-20 02:49:12,207 - INFO - Processed 14000/15048 nested ZIPs...
2025-07-20 02:49:32,509 - INFO - Processed 15000/15048 nested ZIPs...
2025-07-20 02:49:33,345 - INFO - Analysis complete for dm_spl_release_human_rx_part1.zip:
2025-07-20 02:49:33,346 - INFO -   - Nested ZIPs: 15048
2025-07-20 02:49:33,357 - INFO -   - XML files: 15048
2025-07-20 02:49:33,359 - INFO -   - Sample medicines: 10
2025-07-20 02:49:33,394 - INFO - Analyzing ZIP file: Data/dm_spl_release_human_rx_part2.zip
2025-07-20 02:49:33,975 - INFO - Found 10451 nested ZIP files
2025-07-20 02:49:34,055 - INFO - Processed 0/10451 nested ZIPs...
2025-07-20 02:49:51,909 - INFO - Processed 1000/10451 nested ZIPs...
2025-07-20 02:50:13,670 - INFO - Processed 2000/10451 nested ZIPs...
2025-07-20 02:50:38,085 - INFO - Processed 3000/10451 nested ZIPs...
2025-07-20 02:51:01,725 - INFO - Processed 4000/10451 nested ZIPs...
2025-07-20 02:51:23,621 - INFO - Processed 5000/10451 nested ZIPs...
2025-07-20 02:51:44,540 - INFO - Processed 6000/10451 nested ZIPs...
2025-07-20 02:52:15,439 - INFO - Processed 7000/10451 nested ZIPs...
2025-07-20 02:52:46,285 - INFO - Processed 8000/10451 nested ZIPs...
2025-07-20 02:53:14,504 - INFO - Processed 9000/10451 nested ZIPs...
2025-07-20 02:53:47,067 - INFO - Processed 10000/10451 nested ZIPs...
2025-07-20 02:54:07,600 - INFO - Analysis complete for dm_spl_release_human_rx_part2.zip:
2025-07-20 02:54:07,603 - INFO -   - Nested ZIPs: 10451
2025-07-20 02:54:07,609 - INFO -   - XML files: 10451
2025-07-20 02:54:07,609 - INFO -   - Sample medicines: 10
2025-07-20 02:54:07,659 - INFO - Analyzing ZIP file: Data/dm_spl_release_human_rx_part3.zip
2025-07-20 02:54:08,070 - INFO - Found 9194 nested ZIP files
2025-07-20 02:54:08,129 - INFO - Processed 0/9194 nested ZIPs...
2025-07-20 02:54:51,198 - INFO - Processed 1000/9194 nested ZIPs...
2025-07-20 02:55:16,392 - INFO - Processed 2000/9194 nested ZIPs...
2025-07-20 02:55:45,697 - INFO - Processed 3000/9194 nested ZIPs...
2025-07-20 02:56:17,306 - INFO - Processed 4000/9194 nested ZIPs...
2025-07-20 02:56:49,886 - INFO - Processed 5000/9194 nested ZIPs...
2025-07-20 02:57:28,345 - INFO - Processed 6000/9194 nested ZIPs...
2025-07-20 02:58:00,921 - INFO - Processed 7000/9194 nested ZIPs...
2025-07-20 02:58:30,934 - INFO - Processed 8000/9194 nested ZIPs...
2025-07-20 02:58:58,427 - INFO - Processed 9000/9194 nested ZIPs...
2025-07-20 02:59:02,719 - INFO - Analysis complete for dm_spl_release_human_rx_part3.zip:
2025-07-20 02:59:02,720 - INFO -   - Nested ZIPs: 9194
2025-07-20 02:59:02,721 - INFO -   - XML files: 9194
2025-07-20 02:59:02,725 - INFO -   - Sample medicines: 10
2025-07-20 02:59:02,741 - INFO - Analyzing ZIP file: Data/dm_spl_release_human_rx_part4.zip
2025-07-20 02:59:03,075 - INFO - Found 9380 nested ZIP files
2025-07-20 02:59:03,145 - INFO - Processed 0/9380 nested ZIPs...
2025-07-20 02:59:34,210 - INFO - Processed 1000/9380 nested ZIPs...
2025-07-20 02:59:57,907 - INFO - Processed 2000/9380 nested ZIPs...
2025-07-20 03:00:18,619 - INFO - Processed 3000/9380 nested ZIPs...
2025-07-20 03:00:43,835 - INFO - Processed 4000/9380 nested ZIPs...
2025-07-20 03:01:16,528 - INFO - Processed 5000/9380 nested ZIPs...
2025-07-20 03:01:51,966 - INFO - Processed 6000/9380 nested ZIPs...
2025-07-20 03:02:35,228 - INFO - Processed 7000/9380 nested ZIPs...
2025-07-20 03:02:59,432 - INFO - Processed 8000/9380 nested ZIPs...
2025-07-20 03:03:22,655 - INFO - Processed 9000/9380 nested ZIPs...
2025-07-20 03:03:32,495 - INFO - Analysis complete for dm_spl_release_human_rx_part4.zip:
2025-07-20 03:03:32,497 - INFO -   - Nested ZIPs: 9380
2025-07-20 03:03:32,499 - INFO -   - XML files: 9380
2025-07-20 03:03:32,499 - INFO -   - Sample medicines: 10
2025-07-20 03:03:32,517 - INFO - Analyzing ZIP file: Data/dm_spl_release_human_rx_part5.zip
2025-07-20 03:03:32,680 - INFO - Found 6599 nested ZIP files
2025-07-20 03:03:32,716 - INFO - Processed 0/6599 nested ZIPs...
2025-07-20 03:03:57,299 - INFO - Processed 1000/6599 nested ZIPs...
2025-07-20 03:04:21,843 - INFO - Processed 2000/6599 nested ZIPs...
2025-07-20 03:04:44,186 - INFO - Processed 3000/6599 nested ZIPs...
2025-07-20 03:05:05,672 - INFO - Processed 4000/6599 nested ZIPs...
2025-07-20 03:05:30,968 - INFO - Processed 5000/6599 nested ZIPs...
2025-07-20 03:05:49,270 - INFO - Processed 6000/6599 nested ZIPs...
2025-07-20 03:06:04,262 - INFO - Analysis complete for dm_spl_release_human_rx_part5.zip:
2025-07-20 03:06:04,264 - INFO -   - Nested ZIPs: 6599
2025-07-20 03:06:04,270 - INFO -   - XML files: 6599
2025-07-20 03:06:04,271 - INFO -   - Sample medicines: 10
